2013-10-01T12:42:03 Checking update-file '/usr/share/kde4/apps/kconf_update/devicepreference.upd' for new updates
2013-10-01T12:42:03 devicepreference.upd: Found new update 'DevicesMovedToPlatformPlugin'
2013-10-01T12:42:03 devicepreference.upd: Running script 'phonon_devicepreference_update'
2013-10-01T12:42:03 devicepreference.upd: Found new update 'DevicesUIDsChanged'
2013-10-01T12:42:03 devicepreference.upd: Running script 'phonon_deviceuids_update'
2013-10-01T12:42:03 Checking update-file '/usr/share/kde4/apps/kconf_update/drkonqi-rename-config-section.upd' for new updates
2013-10-01T12:42:03 drkonqi-rename-config-section.upd: Found new update 'kde-4.11'
2013-10-01T12:42:03 drkonqi-rename-config-section.upd: File 'drkonqirc' does not exist or empty, skipping
2013-10-01T12:42:03 Checking update-file '/usr/share/kde4/apps/kconf_update/kate-2.4.upd' for new updates
2013-10-01T12:42:03 kate-2.4.upd: Found new update 'kate2.4'
2013-10-01T12:42:03 Checking update-file '/usr/share/kde4/apps/kconf_update/kcalcrc.upd' for new updates
2013-10-01T12:42:03 kcalcrc.upd: Found new update 'KDE_3_2_0'
2013-10-01T12:42:03 kcalcrc.upd: File 'kcalcrc' does not exist or empty, skipping
2013-10-01T12:42:03 kcalcrc.upd: Found new update 'KDE_4_3_0'
2013-10-01T12:42:03 kcalcrc.upd: File 'kcalcrc' does not exist or empty, skipping
2013-10-01T12:42:03 Checking update-file '/usr/share/kde4/apps/kconf_update/kcookiescfg.upd' for new updates
2013-10-01T12:42:03 kcookiescfg.upd: Found new update 'kde2.2/b1'
2013-10-01T12:42:03 kcookiescfg.upd: File 'kcookiejarrc' does not exist or empty, skipping
2013-10-01T12:42:03 kcookiescfg.upd: Found new update 'kde3.1/cvs'
2013-10-01T12:42:03 kcookiescfg.upd: File 'kcookiejarrc' does not exist or empty, skipping
2013-10-01T12:42:03 kcookiescfg.upd: Found new update 'kde4.10/git'
2013-10-01T12:42:03 kcookiescfg.upd: File 'kcookiejarrc' does not exist or empty, skipping
2013-10-01T12:42:03 Checking update-file '/usr/share/kde4/apps/kconf_update/kded.upd' for new updates
2013-10-01T12:42:03 kded.upd: Found new update 'kde3.0'
2013-10-01T12:42:03 kded.upd: File 'kdedrc' does not exist or empty, skipping
2013-10-01T12:42:03 Checking update-file '/usr/share/kde4/apps/kconf_update/kgthemeprovider-migration.upd' for new updates
2013-10-01T12:42:03 kgthemeprovider-migration.upd: Found new update 'bomber'
2013-10-01T12:42:03 kgthemeprovider-migration.upd: File 'bomberrc' does not exist or empty, skipping
2013-10-01T12:42:03 kgthemeprovider-migration.upd: Found new update 'granatier'
2013-10-01T12:42:03 kgthemeprovider-migration.upd: File 'granatierrc' does not exist or empty, skipping
2013-10-01T12:42:03 kgthemeprovider-migration.upd: Found new update 'kbounce'
2013-10-01T12:42:03 kgthemeprovider-migration.upd: File 'kbouncerc' does not exist or empty, skipping
2013-10-01T12:42:03 kgthemeprovider-migration.upd: Found new update 'kbreakout'
2013-10-01T12:42:03 kgthemeprovider-migration.upd: File 'kbreakoutrc' does not exist or empty, skipping
2013-10-01T12:42:03 kgthemeprovider-migration.upd: Found new update 'kdiamond'
2013-10-01T12:42:03 kgthemeprovider-migration.upd: File 'kdiamondrc' does not exist or empty, skipping
2013-10-01T12:42:03 kgthemeprovider-migration.upd: Found new update 'killbots'
2013-10-01T12:42:03 kgthemeprovider-migration.upd: File 'killbotsrc' does not exist or empty, skipping
2013-10-01T12:42:03 kgthemeprovider-migration.upd: Found new update 'klickety'
2013-10-01T12:42:03 kgthemeprovider-migration.upd: File 'klickety' does not exist or empty, skipping
2013-10-01T12:42:03 kgthemeprovider-migration.upd: Found new update 'klines'
2013-10-01T12:42:03 kgthemeprovider-migration.upd: File 'klines' does not exist or empty, skipping
2013-10-01T12:42:03 kgthemeprovider-migration.upd: Found new update 'kmines'
2013-10-01T12:42:03 kgthemeprovider-migration.upd: File 'kmines' does not exist or empty, skipping
2013-10-01T12:42:03 kgthemeprovider-migration.upd: Found new update 'knetwalk'
2013-10-01T12:42:03 kgthemeprovider-migration.upd: File 'knetwalk' does not exist or empty, skipping
2013-10-01T12:42:03 kgthemeprovider-migration.upd: Found new update 'kpat'
2013-10-01T12:42:03 kgthemeprovider-migration.upd: File 'kpat' does not exist or empty, skipping
2013-10-01T12:42:03 Checking update-file '/usr/share/kde4/apps/kconf_update/kio_help.upd' for new updates
2013-10-01T12:42:03 kio_help.upd: Found new update 'kde3_2'
2013-10-01T12:42:03 kio_help.upd: Running script 'move_kio_help_cache.sh'
2013-10-01T12:42:03 [Script] mv: impossível obter estado de “/home/kaiana/.kde/share/apps/kio_help/cache”: Arquivo ou diretório não encontrado
2013-10-01T12:42:03 [Script] rmdir: falhou em remover “/home/kaiana/.kde/share/apps/kio_help”: Arquivo ou diretório não encontrado
2013-10-01T12:42:03 Checking update-file '/usr/share/kde4/apps/kconf_update/kioslave.upd' for new updates
2013-10-01T12:42:03 kioslave.upd: Found new update 'kde2.2/r1'
2013-10-01T12:42:03 kioslave.upd: File 'kioslaverc' does not exist or empty, skipping
2013-10-01T12:42:03 kioslave.upd: Skipping update 'kde2.2/r1'
2013-10-01T12:42:03 kioslave.upd: File 'kioslaverc' does not exist or empty, skipping
2013-10-01T12:42:03 kioslave.upd: Found new update 'kde2.2/r2'
2013-10-01T12:42:03 kioslave.upd: File 'kioslaverc' does not exist or empty, skipping
2013-10-01T12:42:03 kioslave.upd: Found new update 'kde2.2/r3'
2013-10-01T12:42:03 kioslave.upd: File 'kioslaverc' does not exist or empty, skipping
2013-10-01T12:42:03 Checking update-file '/usr/share/kde4/apps/kconf_update/klipper-kconfigxt.upd' for new updates
2013-10-01T12:42:03 klipper-kconfigxt.upd: Found new update 'KlipperNoSpacesInKeyNames'
2013-10-01T12:42:03 klipper-kconfigxt.upd: File 'klipperrc' does not exist or empty, skipping
2013-10-01T12:42:03 Checking update-file '/usr/share/kde4/apps/kconf_update/kmail.upd' for new updates
2013-10-01T12:42:03 kmail.upd: Found new update '1'
2013-10-01T12:42:03 kmail.upd: File 'kmail2rc' does not exist or empty, skipping
2013-10-01T12:42:03 kmail.upd: Found new update '4'
2013-10-01T12:42:03 kmail.upd: File 'kmail2rc' does not exist or empty, skipping
2013-10-01T12:42:03 kmail.upd: Found new update '5'
2013-10-01T12:42:03 kmail.upd: File 'kmail2rc' does not exist or empty, skipping
2013-10-01T12:42:03 kmail.upd: File 'kpgprc' does not exist or empty, skipping
2013-10-01T12:42:03 kmail.upd: Found new update '6'
2013-10-01T12:42:03 kmail.upd: File 'kmail2rc' does not exist or empty, skipping
2013-10-01T12:42:03 kmail.upd: Found new update '7'
2013-10-01T12:42:03 kmail.upd: File 'kmail2rc' does not exist or empty, skipping
2013-10-01T12:42:03 kmail.upd: Found new update '8'
2013-10-01T12:42:03 kmail.upd: File 'kmail2rc' does not exist or empty, skipping
2013-10-01T12:42:03 kmail.upd: Found new update '9'
2013-10-01T12:42:03 kmail.upd: File 'kmail2rc' does not exist or empty, skipping
2013-10-01T12:42:03 kmail.upd: Found new update '3.1-update-identities'
2013-10-01T12:42:03 kmail.upd: File 'kmail2rc' does not exist or empty, skipping
2013-10-01T12:42:03 kmail.upd: Found new update '3.1-use-identity-uoids'
2013-10-01T12:42:03 kmail.upd: File 'kmail2rc' does not exist or empty, skipping
2013-10-01T12:42:03 kmail.upd: Found new update '3.1-new-mail-notification'
2013-10-01T12:42:03 kmail.upd: File 'kmail2rc' does not exist or empty, skipping
2013-10-01T12:42:03 kmail.upd: Found new update '3.2-update-loop-on-goto-unread-settings'
2013-10-01T12:42:03 kmail.upd: File 'kmail2rc' does not exist or empty, skipping
2013-10-01T12:42:03 kmail.upd: Found new update '3.1.4-dont-use-UOID-0-for-any-identity'
2013-10-01T12:42:03 kmail.upd: File 'kmail2rc' does not exist or empty, skipping
2013-10-01T12:42:03 kmail.upd: Found new update '3.2-misc'
2013-10-01T12:42:03 kmail.upd: File 'kmail2rc' does not exist or empty, skipping
2013-10-01T12:42:03 kmail.upd: Found new update '3.2-moves'
2013-10-01T12:42:03 kmail.upd: File 'kmail2rc' does not exist or empty, skipping
2013-10-01T12:42:03 kmail.upd: Found new update '3.3-use-ID-for-accounts'
2013-10-01T12:42:03 kmail.upd: File 'kmail2rc' does not exist or empty, skipping
2013-10-01T12:42:03 kmail.upd: Found new update '3.3-update-filter-rules'
2013-10-01T12:42:03 kmail.upd: File 'kmail2rc' does not exist or empty, skipping
2013-10-01T12:42:03 kmail.upd: Found new update '3.3-move-identities-to-own-file'
2013-10-01T12:42:03 kmail.upd: File 'kmail2rc' does not exist or empty, skipping
2013-10-01T12:42:03 kmail.upd: Found new update '3.3-aegypten-kpgprc-to-kmailrc'
2013-10-01T12:42:03 kmail.upd: File 'kpgprc' does not exist or empty, skipping
2013-10-01T12:42:03 kmail.upd: Found new update '3.3-aegypten-kpgprc-to-libkleopatrarc'
2013-10-01T12:42:03 kmail.upd: File 'kpgprc' does not exist or empty, skipping
2013-10-01T12:42:03 kmail.upd: Found new update '3.3-aegypten-emailidentities-split-sign-encr-keys'
2013-10-01T12:42:03 kmail.upd: File 'emailidentities' does not exist or empty, skipping
2013-10-01T12:42:03 kmail.upd: Found new update '3.3-misc'
2013-10-01T12:42:03 kmail.upd: File 'kmail2rc' does not exist or empty, skipping
2013-10-01T12:42:03 kmail.upd: Found new update '3.3b1-misc'
2013-10-01T12:42:03 kmail.upd: File 'kmail2rc' does not exist or empty, skipping
2013-10-01T12:42:03 kmail.upd: Found new update '3.4'
2013-10-01T12:42:03 kmail.upd: File 'kmail2rc' does not exist or empty, skipping
2013-10-01T12:42:03 kmail.upd: Found new update '3.4a'
2013-10-01T12:42:03 kmail.upd: File 'kmail2rc' does not exist or empty, skipping
2013-10-01T12:42:03 kmail.upd: Found new update '3.4b'
2013-10-01T12:42:03 kmail.upd: File 'kmail2rc' does not exist or empty, skipping
2013-10-01T12:42:03 kmail.upd: Found new update '3.4.1'
2013-10-01T12:42:03 kmail.upd: File 'kmail2rc' does not exist or empty, skipping
2013-10-01T12:42:03 kmail.upd: Found new update '3.5.4'
2013-10-01T12:42:03 kmail.upd: File 'kmail2rc' does not exist or empty, skipping
2013-10-01T12:42:03 kmail.upd: Found new update '3.5.7-imap-flag-migration'
2013-10-01T12:42:03 kmail.upd: File 'kmail2rc' does not exist or empty, skipping
2013-10-01T12:42:03 kmail.upd: Found new update '4.0-misc'
2013-10-01T12:42:03 kmail.upd: File 'kmail2rc' does not exist or empty, skipping
2013-10-01T12:42:03 kmail.upd: Found new update '4.2'
2013-10-01T12:42:03 kmail.upd: File 'kmail2rc' does not exist or empty, skipping
2013-10-01T12:42:03 kmail.upd: Found new update '4.4-akonadi'
2013-10-01T12:42:03 kmail.upd: File 'kmail2rc' does not exist or empty, skipping
2013-10-01T12:42:03 Checking update-file '/usr/share/kde4/apps/kconf_update/konsole.upd' for new updates
2013-10-01T12:42:03 konsole.upd: Found new update '2.9.0-global-options'
2013-10-01T12:42:03 konsole.upd: File 'konsolerc' does not exist or empty, skipping
2013-10-01T12:42:03 konsole.upd: Found new update '2.9.0-colorscheme-bold-key'
2013-10-01T12:42:03 konsole.upd: Running script 'konsole-2.9.0-colorscheme-bold-key.sh'
2013-10-01T12:42:03 konsole.upd: Found new update '2.10.0-remove-menuindex-from-profiles'
2013-10-01T12:42:03 konsole.upd: Running script 'konsole-2.10.0-remove-menuindex-from-profiles.sh'
2013-10-01T12:42:03 Checking update-file '/usr/share/kde4/apps/kconf_update/konsole_remove_background_mode.upd' for new updates
2013-10-01T12:42:03 konsole_remove_background_mode.upd: Found new update '2.11.0-remove-background-mode'
2013-10-01T12:42:03 Checking update-file '/usr/share/kde4/apps/kconf_update/kpgp.upd' for new updates
2013-10-01T12:42:03 kpgp.upd: Found new update 'preKDE3_a'
2013-10-01T12:42:03 kpgp.upd: File 'kpgprc' does not exist or empty, skipping
2013-10-01T12:42:03 kpgp.upd: Found new update '3.1-1'
2013-10-01T12:42:03 kpgp.upd: File 'kpgprc' does not exist or empty, skipping
2013-10-01T12:42:03 Checking update-file '/usr/share/kde4/apps/kconf_update/krdb_libpathwipe.upd' for new updates
2013-10-01T12:42:03 krdb_libpathwipe.upd: Found new update 'LibraryPathWipeOutKubuntu'
2013-10-01T12:42:03 krdb_libpathwipe.upd: Running script 'krdb_clearlibrarypath'
2013-10-01T12:42:03 Checking update-file '/usr/share/kde4/apps/kconf_update/kscreenlocker_locksession-shortcut.upd' for new updates
2013-10-01T12:42:03 kscreenlocker_locksession-shortcut.upd: Found new update '4.9-locksession-shortcut'
2013-10-01T12:42:03 kscreenlocker_locksession-shortcut.upd: Running script 'force_krunner_lock_shortcut_unreg'
2013-10-01T12:42:04 [Script] QDBusConnection: session D-Bus connection created before QCoreApplication. Application may misbehave.
2013-10-01T12:42:04 Checking update-file '/usr/share/kde4/apps/kconf_update/ksmserver_shortcuts.upd' for new updates
2013-10-01T12:42:04 ksmserver_shortcuts.upd: Found new update 'kde4.10'
2013-10-01T12:42:04 ksmserver_shortcuts.upd: Found new update 'kde4.10-remove-group-kscreenlocker'
2013-10-01T12:42:04 Checking update-file '/usr/share/kde4/apps/kconf_update/ksslcertificatemanager.upd' for new updates
2013-10-01T12:42:04 ksslcertificatemanager.upd: Found new update 'kde4.2'
2013-10-01T12:42:04 ksslcertificatemanager.upd: Running script 'ksslcertificatemanager.upd.sh'
2013-10-01T12:42:04 [Script] rm: não foi possível remover “/home/kaiana/.kde//share/config/ksslcertificatemanager”: Arquivo ou diretório não encontrado
2013-10-01T12:42:04 ksslcertificatemanager.upd: !! An error occurred while running 'sh /usr/share/kde4/apps/kconf_update/ksslcertificatemanager.upd.sh'
2013-10-01T12:42:04 Checking update-file '/usr/share/kde4/apps/kconf_update/kuriikwsfilter.upd' for new updates
2013-10-01T12:42:04 kuriikwsfilter.upd: Found new update 'post-kde3.1/cvs'
2013-10-01T12:42:04 kuriikwsfilter.upd: File 'kuriikwsfilterrc' does not exist or empty, skipping
2013-10-01T12:42:04 kuriikwsfilter.upd: Found new update 'pre-kde4.9'
2013-10-01T12:42:04 kuriikwsfilter.upd: File 'kuriikwsfilterrc' does not exist or empty, skipping
2013-10-01T12:42:04 Checking update-file '/usr/share/kde4/apps/kconf_update/kwin_fsp_workarounds_1.upd' for new updates
2013-10-01T12:42:04 kwin_fsp_workarounds_1.upd: Found new update 'kde351'
2013-10-01T12:42:04 kwin_fsp_workarounds_1.upd: Running script 'kwin_update_default_rules' with arguments 'fsp_workarounds_1.kwinrules'
2013-10-01T12:42:04 [Script] QDBusConnection: session D-Bus connection created before QCoreApplication. Application may misbehave.
2013-10-01T12:42:04 Checking update-file '/usr/share/kde4/apps/kconf_update/kwin_remove_delay_focus.upd' for new updates
2013-10-01T12:42:04 kwin_remove_delay_focus.upd: Found new update 'Kwin-4.8'
2013-10-01T12:42:04 kwin_remove_delay_focus.upd: Running script 'kwin_remove_delay_focus.sh'
2013-10-01T12:42:04 Checking update-file '/usr/share/kde4/apps/kconf_update/kwin_remove_effects.upd' for new updates
2013-10-01T12:42:04 kwin_remove_effects.upd: Found new update 'kwin4.7_effects'
2013-10-01T12:42:04 kwin_remove_effects.upd: File 'kwinrc' does not exist or empty, skipping
2013-10-01T12:42:04 Checking update-file '/usr/share/kde4/apps/kconf_update/kwin_translate_activity_rule.upd' for new updates
2013-10-01T12:42:04 kwin_translate_activity_rule.upd: Found new update 'Kwin-4.10'
2013-10-01T12:42:04 kwin_translate_activity_rule.upd: Running script 'kwin_translate_activity_rule.sh'
2013-10-01T12:42:04 Checking update-file '/usr/share/kde4/apps/kconf_update/kwin_translate_confrequest_rule.upd' for new updates
2013-10-01T12:42:04 kwin_translate_confrequest_rule.upd: Found new update 'Kwin-4.11'
2013-10-01T12:42:04 kwin_translate_confrequest_rule.upd: Running script 'kwin_translate_confrequest_rule.sh'
2013-10-01T12:42:04 Checking update-file '/usr/share/kde4/apps/kconf_update/kwin_update_410.upd' for new updates
2013-10-01T12:42:04 kwin_update_410.upd: Found new update 'Kwin-4.10_1'
2013-10-01T12:42:04 kwin_update_410.upd: Running script 'kwin_update_settings_410'
2013-10-01T12:42:04 [Script] QDBusConnection: session D-Bus connection created before QCoreApplication. Application may misbehave.
2013-10-01T12:42:04 Checking update-file '/usr/share/kde4/apps/kconf_update/kwin_update_411.upd' for new updates
2013-10-01T12:42:04 kwin_update_411.upd: Found new update 'Kwin-4.11_0'
2013-10-01T12:42:04 kwin_update_411.upd: Running script 'kwin_update_settings_411'
2013-10-01T12:42:04 Checking update-file '/usr/share/kde4/apps/kconf_update/kwin_update_49.upd' for new updates
2013-10-01T12:42:04 kwin_update_49.upd: Found new update 'Kwin-4.9'
2013-10-01T12:42:04 kwin_update_49.upd: Running script 'kwin_update_settings_49'
2013-10-01T12:42:04 [Script] QDBusConnection: session D-Bus connection created before QCoreApplication. Application may misbehave.
2013-10-01T12:42:04 Checking update-file '/usr/share/kde4/apps/kconf_update/kwin_update_tabbox_qml_settings.upd' for new updates
2013-10-01T12:42:04 kwin_update_tabbox_qml_settings.upd: Found new update 'Kwin-4.8'
2013-10-01T12:42:04 kwin_update_tabbox_qml_settings.upd: Running script 'kwin_update_tabbox_qml_settings'
2013-10-01T12:42:04 [Script] QDBusConnection: session D-Bus connection created before QCoreApplication. Application may misbehave.
2013-10-01T12:42:04 Checking update-file '/usr/share/kde4/apps/kconf_update/kwin_update_tabbox_settings.upd' for new updates
2013-10-01T12:42:04 kwin_update_tabbox_settings.upd: Found new update 'Kwin-4.4'
2013-10-01T12:42:04 kwin_update_tabbox_settings.upd: Running script 'kwin_update_tabbox_settings'
2013-10-01T12:42:04 [Script] QDBusConnection: session D-Bus connection created before QCoreApplication. Application may misbehave.
2013-10-01T12:42:04 Checking update-file '/usr/share/kde4/apps/kconf_update/mailfilteragent.upd' for new updates
2013-10-01T12:42:04 mailfilteragent.upd: Found new update 'initial-mailfilteragent-migration'
2013-10-01T12:42:04 mailfilteragent.upd: File 'kmail2rc' does not exist or empty, skipping
2013-10-01T12:42:04 Checking update-file '/usr/share/kde4/apps/kconf_update/mailtransports.upd' for new updates
2013-10-01T12:42:04 mailtransports.upd: Found new update 'initial-kmail-migration'
2013-10-01T12:42:04 mailtransports.upd: File 'kmailrc' does not exist or empty, skipping
2013-10-01T12:42:04 mailtransports.upd: Found new update 'initial-knode-migration'
2013-10-01T12:42:04 mailtransports.upd: File 'knoderc' does not exist or empty, skipping
2013-10-01T12:42:04 Checking update-file '/usr/share/kde4/apps/kconf_update/newmailnotifier.upd' for new updates
2013-10-01T12:42:04 newmailnotifier.upd: Found new update 'initial-newmailnotifier-migration'
2013-10-01T12:42:04 newmailnotifier.upd: File 'kmail2rc' does not exist or empty, skipping
2013-10-01T12:42:04 Checking update-file '/usr/share/kde4/apps/kconf_update/notifications-to-orgkdenotifications.upd' for new updates
2013-10-01T12:42:04 notifications-to-orgkdenotifications.upd: Found new update '4.10QmlNotifications'
2013-10-01T12:42:04 notifications-to-orgkdenotifications.upd: Running script 'notifications-to-orgkdenotifications'
2013-10-01T12:42:04 Checking update-file '/usr/share/kde4/apps/kconf_update/okular.upd' for new updates
2013-10-01T12:42:04 okular.upd: Found new update 'sep_settings'
2013-10-01T12:42:04 okular.upd: File 'okularpartrc' does not exist or empty, skipping
2013-10-01T12:42:04 Checking update-file '/usr/share/kde4/apps/kconf_update/oxygen.upd' for new updates
2013-10-01T12:42:04 oxygen.upd: Found new update '1'
2013-10-01T12:42:04 oxygen.upd: File 'oxygenrc' does not exist or empty, skipping
2013-10-01T12:42:04 Checking update-file '/usr/share/kde4/apps/kconf_update/plasma-add-shortcut-to-menu.upd' for new updates
2013-10-01T12:42:04 plasma-add-shortcut-to-menu.upd: Found new update '4.1LauncherShortcut'
2013-10-01T12:42:04 plasma-add-shortcut-to-menu.upd:2:'Script=plasma-add-shortcut-to-menu-update': Script 'plasma-add-shortcut-to-menu-update' not found
2013-10-01T12:42:04 Checking update-file '/usr/share/kde4/apps/kconf_update/plasma-to-plasmadesktop-shortcuts.upd' for new updates
2013-10-01T12:42:04 plasma-to-plasmadesktop-shortcuts.upd: Found new update '4.3plasma-desktop-shortcuts'
2013-10-01T12:42:04 Checking update-file '/usr/share/kde4/apps/kconf_update/plasmarc-to-plasmadesktoprc.upd' for new updates
2013-10-01T12:42:04 plasmarc-to-plasmadesktoprc.upd: Found new update '4.3plasma-desktop'
2013-10-01T12:42:04 plasmarc-to-plasmadesktoprc.upd: Running script 'plasma-to-plasma-desktop'
